\BOOKMARK [0][]{chapter.1}{\376\377\0001\000\040\000I\000n\000d\000l\000e\000d\000n\000i\000n\000g}{}% 1
\BOOKMARK [1][]{section*.2}{\376\377\000G\000e\000n\000e\000r\000e\000l\000l\000e\000\040\000r\000e\000g\000l\000e\000r\000\040\000o\000m\000\040\000M\000a\000g\000i}{chapter.1}% 2
\BOOKMARK [2][]{subsection*.3}{\376\377\000M\000a\000g\000i\000e\000n\000s\000\040\000e\000l\000v\000e\000\040\000b\000u\000d}{section*.2}% 3
\BOOKMARK [2][]{subsection*.4}{\376\377\000A\000t\000\040\000k\000a\000s\000t\000e\000\040\000m\000a\000g\000i}{section*.2}% 4
\BOOKMARK [1][]{section*.5}{\376\377\000A\000t\000\040\000k\000a\000s\000t\000e\000\040\000m\000a\000g\000i\000\040\000s\000o\000m\000\040\000M\000a\000g\000u\000s}{chapter.1}% 5
\BOOKMARK [0][]{chapter.2}{\376\377\0002\000\040\000N\000i\000v\000e\000a\000u\000\040\0001}{}% 6
\BOOKMARK [1][]{section*.7}{\376\377\000E\000v\000n\000e\000\040\000b\000e\000s\000k\000r\000i\000v\000e\000l\000s\000e}{chapter.2}% 7
\BOOKMARK [2][]{subsection*.8}{\376\377\000B\000r\000u\000g\000\040\000a\000f\000\040\000M\000a\000g\000i\000s\000k\000e\000\040\000A\000r\000t\000e\000f\000a\000k\000t\000e\000r}{section*.7}% 8
\BOOKMARK [2][]{subsection*.9}{\376\377\000E\000k\000s\000t\000r\000a\000\040\000M\000a\000n\000a\000\040\000N\000i\000v\000.\000\040\0001}{section*.7}% 9
\BOOKMARK [2][]{subsection*.10}{\376\377\000L\000\346\000r\000\040\000M\000a\000g\000i\000\040\000N\000i\000v\000.\000\040\0001}{section*.7}% 10
\BOOKMARK [2][]{subsection*.11}{\376\377\000L\000\346\000s\000e\000\040\000o\000g\000\040\000s\000k\000r\000i\000v\000e\000\040\000M\000a\000g\000i\000s\000k}{section*.7}% 11
\BOOKMARK [0][]{chapter.3}{\376\377\0003\000\040\000N\000i\000v\000e\000a\000u\000\040\0002}{}% 12
\BOOKMARK [1][]{section*.14}{\376\377\000E\000v\000n\000e\000\040\000b\000e\000s\000k\000r\000i\000v\000e\000l\000s\000e}{chapter.3}% 13
\BOOKMARK [2][]{section*.15}{\376\377\000E\000k\000s\000t\000r\000a\000\040\000L\000P\000\040\000N\000i\000v\000.\000\040\0001}{section*.14}% 14
\BOOKMARK [2][]{subsection*.16}{\376\377\000L\000\346\000r\000\040\000M\000a\000g\000i\000\040\000N\000i\000v\000.\000\040\0002}{section*.14}% 15
\BOOKMARK [1][]{section*.17}{\376\377\000M\000e\000r\000i\000d\000i\000a\000n\000\040\000U\000d\000v\000i\000d\000e\000l\000s\000e\000\040\000N\000i\000v\000.\000\040\0001}{chapter.3}% 16
\BOOKMARK [1][]{section*.18}{\376\377\000M\000a\000g\000i\000s\000k\000\040\000g\000e\000n\000s\000k\000a\000b\000e\000l\000s\000e}{chapter.3}% 17
\BOOKMARK [0][]{chapter*.19}{\376\377\000N\000i\000v\000e\000a\000u\000\040\0003}{}% 18
\BOOKMARK [1][]{table.caption.20}{\376\377\000E\000v\000n\000e\000\040\000b\000e\000s\000k\000r\000i\000v\000e\000l\000s\000e}{chapter*.19}% 19
\BOOKMARK [2][]{section*.21}{\376\377\000B\000a\000n\000d}{table.caption.20}% 20
\BOOKMARK [2][]{section*.21}{\376\377\000I\000n\000d\000g\000y\000d\000\040\000P\000a\000r\000a\000n\000o\000i\000a}{table.caption.20}% 21
\BOOKMARK [2][]{section*.21}{\376\377\000I\000n\000d\000g\000y\000d\000\040\000K\000\346\000r\000l\000i\000g\000h\000e\000d}{table.caption.20}% 22
\BOOKMARK [2][]{subsection*.22}{\376\377\000R\000y\000g\000t\000e\000\040\000S\000p\000r\000e\000d\000e\000r\000/\000S\000a\000m\000l\000e\000r\000\040\000N\000i\000v\000.\000\040\0001}{table.caption.20}% 23
\BOOKMARK [0][]{chapter*.23}{\376\377\000N\000i\000v\000e\000a\000u\000\040\0004}{}% 24
\BOOKMARK [1][]{table.caption.24}{\376\377\000E\000v\000n\000e\000\040\000b\000e\000s\000k\000r\000i\000v\000e\000l\000s\000e}{chapter*.23}% 25
\BOOKMARK [2][]{section*.25}{\376\377\000A\000r\000k\000\346\000o\000l\000o\000g}{table.caption.24}% 26
\BOOKMARK [2][]{section*.25}{\376\377\000I\000n\000d\000g\000y\000d\000\040\000H\000a\000d}{table.caption.24}% 27
\BOOKMARK [2][]{section*.25}{\376\377\000I\000n\000d\000g\000y\000d\000\040\000L\000\370\000s\000t\000l\000\370\000g\000n}{table.caption.24}% 28
\BOOKMARK [2][]{section*.25}{\376\377\000L\000a\000v\000\040\000M\000a\000g\000i\000s\000k\000e\000\040\000S\000k\000r\000i\000f\000t\000r\000u\000l\000l\000e\000r}{table.caption.24}% 29
\BOOKMARK [2][]{section*.25}{\376\377\000P\000r\000o\000f\000e\000s\000s\000o\000r\000a\000t}{table.caption.24}% 30
\BOOKMARK [2][]{section*.25}{\376\377\000R\000y\000g\000t\000e\000\040\000S\000p\000r\000e\000d\000e\000r\000/\000S\000a\000m\000l\000e\000r\000\040\000N\000i\000v\000.\000\040\0002}{table.caption.24}% 31
\BOOKMARK [0][]{chapter*.26}{\376\377\000G\000e\000n\000e\000r\000e\000l\000l\000e\000\040\000e\000v\000n\000e\000r}{}% 32
\BOOKMARK [1][]{table.caption.27}{\376\377\000E\000v\000n\000e\000\040\000b\000e\000s\000k\000r\000i\000v\000e\000l\000s\000e}{chapter*.26}% 33
\BOOKMARK [2][]{section*.28}{\376\377\0006\000.\000\040\000s\000a\000n\000s\000\040\000N\000i\000v\000.\000\040\0001}{table.caption.27}% 34
\BOOKMARK [2][]{section*.28}{\376\377\0006\000.\000\040\000s\000a\000n\000s\000\040\000N\000i\000v\000.\000\040\0002}{table.caption.27}% 35
\BOOKMARK [2][]{section*.28}{\376\377\000B\000o\000n\000k}{table.caption.27}% 36
\BOOKMARK [2][]{section*.28}{\376\377\000B\000\346\000r\000e\000\040\000p\000e\000r\000s\000o\000n}{table.caption.27}% 37
\BOOKMARK [2][]{section*.28}{\376\377\000F\000\370\000r\000s\000t\000e\000h\000j\000\346\000l\000p}{table.caption.27}% 38
\BOOKMARK [2][]{section*.28}{\376\377\000L\000a\000v\000e\000\040\000A\000r\000t\000e\000f\000a\000k\000t\000e\000r}{table.caption.27}% 39
\BOOKMARK [2][]{section*.28}{\376\377\000L\000\346\000s\000e\000\040\000o\000g\000\040\000s\000k\000r\000i\000v\000e}{table.caption.27}% 40
\BOOKMARK [2][]{section*.28}{\376\377\000M\000i\000n\000e\000a\000r\000b\000e\000j\000d\000e\000r}{table.caption.27}% 41
\BOOKMARK [2][]{section*.28}{\376\377\000P\000\345\000f\000\370\000r\000\040\000g\000i\000f\000t}{table.caption.27}% 42
\BOOKMARK [2][]{section*.28}{\376\377\000S\000l\000a\000g\000s\000b\000r\000o\000r\000\040\000N\000i\000v\000.\000\040\0001}{table.caption.27}% 43
\BOOKMARK [2][]{section*.28}{\376\377\000S\000l\000a\000g\000s\000b\000r\000o\000r\000\040\000N\000i\000v\000.\000\040\0002}{table.caption.27}% 44
\BOOKMARK [2][]{section*.28}{\376\377\000S\000l\000a\000g\000s\000b\000r\000o\000r\000\040\000N\000i\000v\000.\000\040\0002}{table.caption.27}% 45
\BOOKMARK [2][]{section*.28}{\376\377\000S\000p\000e\000c\000i\000a\000l\000e}{table.caption.27}% 46
\BOOKMARK [2][]{section*.28}{\376\377\000U\000n\000i\000v\000e\000r\000s\000e\000t\000s\000\040\000C\000e\000n\000t\000r\000u\000m}{table.caption.27}% 47
\BOOKMARK [2][]{section*.28}{\376\377\000U\000r\000t\000e\000s\000a\000m\000l\000e\000r}{table.caption.27}% 48
